#
# A fatal error has been detected by the Java Runtime Environment:
#
#  EXCEPTION_ACCESS_VIOLATION (0xc0000005) at pc=0x000000001d841066, pid=7060, tid=5856
#
# JRE version: Java(TM) SE Runtime Environment (8.0_51-b16) (build 1.8.0_51-b16)
# Java VM: Java HotSpot(TM) 64-Bit Server VM (25.51-b03 mixed mode windows-amd64 compressed oops)
# Problematic frame:
# C  [OpenAL64.dll+0x11066]
#
# Failed to write core dump. Minidumps are not enabled by default on client versions of Windows
#
# If you would like to submit a bug report, please visit:
#   http://bugreport.java.com/bugreport/crash.jsp
# The crash happened outside the Java Virtual Machine in native code.
# See problematic frame for where to report the bug.
#

---------------  T H R E A D  ---------------

Current thread (0x000000001996c000):  JavaThread "Thread-23" [_thread_in_native, id=5856, stack(0x0000000034ec0000,0x0000000034fc0000)]

siginfo: ExceptionCode=0xc0000005, reading address 0x0000000018ff8004

Registers:
RAX=0x000000007b23b79d, RBX=0x0000000035130090, RCX=0x0000000018ff8008, RDX=0x0000000018ff8004
RSP=0x0000000034fbec20, RBP=0x00000000000000ff, RSI=0x0000000018ff309c, RDI=0x0000000000000000
R8 =0x00000000000013da, R9 =0x0000000018ff309c, R10=0x0000000002c95e08, R11=0x0000000058c57bb0
R12=0x0000000000000001, R13=0x0000000034de1fa8, R14=0x0000000034fbedb8, R15=0x000000001996c000
RIP=0x000000001d841066, EFLAGS=0x0000000000010202

Top of Stack: (sp=0x0000000034fbec20)
0x0000000034fbec20:   0000000034fbec60 00000000172b0f40
0x0000000034fbec30:   0000000000000000 00000000172ad860
0x0000000034fbec40:   0000000034de1fa8 0000000058b58cd5
0x0000000034fbec50:   000000001996c000 0000000018ff2ed0
0x0000000034fbec60:   0000000034de1fa8 0000000034fbedb8
0x0000000034fbec70:   0000000017fa0e10 0000000058ae9836
0x0000000034fbec80:   0000000034fbf428 0000000020536bc8
0x0000000034fbec90:   000000001996c000 0000000034fbedb8
0x0000000034fbeca0:   0000000034de1fa8 0000000000000000
0x0000000034fbecb0:   0000000018ff309c 0000000000000007
0x0000000034fbecc0:   0000000034fbed80 000000001d84248f
0x0000000034fbecd0:   0000000035130090 0000000035130090
0x0000000034fbece0:   000000000000ac44 000000007b23b79d
0x0000000034fbecf0:   0000000000000007 0000000002c95e34
0x0000000034fbed00:   0000000034de1fa8 00000000c52a25c0
0x0000000034fbed10:   0000000034fbed10 0000000034de4db9 

Instructions: (pc=0x000000001d841066)
0x000000001d841046:   41 2b ec 81 3a 03 00 02 00 75 09 8b 01 89 84 24
0x000000001d841056:   c8 00 00 00 49 83 c0 02 48 83 c1 08 4a 8d 14 86
0x000000001d841066:   39 3a 75 af 4c 8d 84 24 c0 00 00 00 48 8d 15 d7
0x000000001d841076:   2b 03 00 33 c9 e8 58 5f 00 00 b8 40 1f 00 00 4c 


Register to memory mapping:

RAX=0x000000007b23b79d is an unknown value
RBX=0x0000000035130090 is an unknown value
RCX=0x0000000018ff8008 is an unknown value
RDX=0x0000000018ff8004 is an unknown value
RSP=0x0000000034fbec20 is pointing into the stack for thread: 0x000000001996c000
RBP=0x00000000000000ff is an unknown value
RSI=0x0000000018ff309c is an unknown value
RDI=0x0000000000000000 is an unknown value
R8 =0x00000000000013da is an unknown value
R9 =0x0000000018ff309c is an unknown value
R10=0x0000000002c95e08 is at code_begin+840 in an Interpreter codelet
method entry point (kind = native)  [0x0000000002c95ac0, 0x0000000002c96420]  2400 bytes
R11=0x0000000058c57bb0 is an unknown value
R12=0x0000000000000001 is an unknown value
R13={method} {0x0000000034de1fb0} 'nalcCreateContext' '(JJ)J' in 'org/lwjgl/openal/ALC10'
R14=0x0000000034fbedb8 is pointing into the stack for thread: 0x000000001996c000
R15=0x000000001996c000 is a thread


Stack: [0x0000000034ec0000,0x0000000034fc0000],  sp=0x0000000034fbec20,  free space=1019k
Native frames: (J=compiled Java code, j=interpreted, Vv=VM code, C=native code)
C  [OpenAL64.dll+0x11066]
C  [OpenAL64.dll+0x1248f]
C  0x0000000002c95e34

Java frames: (J=compiled Java code, j=interpreted, Vv=VM code)
j  org.lwjgl.openal.ALC10.nalcCreateContext(JJ)J+0
j  org.lwjgl.openal.ALC10.alcCreateContext(Lorg/lwjgl/openal/ALCdevice;Ljava/nio/IntBuffer;)Lorg/lwjgl/openal/ALCcontext;+8
j  org.lwjgl.openal.AL.init(Ljava/lang/String;IIZZ)V+69
j  org.lwjgl.openal.AL.create(Ljava/lang/String;IIZZ)V+227
j  org.lwjgl.openal.AL.create(Ljava/lang/String;IIZ)V+5
j  org.lwjgl.openal.AL.create()V+6
j  paulscode.sound.libraries.LibraryLWJGLOpenAL.init()V+2
j  paulscode.sound.SoundSystem.CommandNewLibrary(Ljava/lang/Class;)V+273
j  paulscode.sound.SoundSystem.CommandQueue(Lpaulscode/sound/CommandObject;)Z+1206
j  paulscode.sound.CommandThread.run()V+51
v  ~StubRoutines::call_stub

---------------  P R O C E S S  ---------------

Java Threads: ( => current thread )
  0x0000000017bc7000 JavaThread "Thread-24" [_thread_blocked, id=4292, stack(0x0000000035230000,0x0000000035330000)]
=>0x000000001996c000 JavaThread "Thread-23" [_thread_in_native, id=5856, stack(0x0000000034ec0000,0x0000000034fc0000)]
  0x000000001996f000 JavaThread "IC2 audio init thread" daemon [_thread_blocked, id=4996, stack(0x0000000034bb0000,0x0000000034cb0000)]
  0x000000001996e000 JavaThread "Sound Library Loader" [_thread_blocked, id=5084, stack(0x0000000026cf0000,0x0000000026df0000)]
  0x000000001996b000 JavaThread "ic2-poolthread-2" daemon [_thread_blocked, id=6508, stack(0x0000000023030000,0x0000000023130000)]
  0x0000000017bcc800 JavaThread "ic2-poolthread-1" daemon [_thread_blocked, id=6704, stack(0x000000001d6f0000,0x000000001d7f0000)]
  0x0000000017bcd000 JavaThread "Keep-Alive-Timer" daemon [_thread_blocked, id=5392, stack(0x0000000024690000,0x0000000024790000)]
  0x000000001e536000 JavaThread "Thread-10" [_thread_blocked, id=5284, stack(0x00000000270e0000,0x00000000271e0000)]
  0x00000000192d4800 JavaThread "LWJGL Timer" daemon [_thread_blocked, id=1180, stack(0x0000000029e90000,0x0000000029f90000)]
  0x000000001ea4f800 JavaThread "Thread-8" [_thread_in_Java, id=5056, stack(0x0000000027280000,0x0000000027380000)]
  0x0000000021468800 JavaThread "Timer hack thread" daemon [_thread_blocked, id=5920, stack(0x0000000021950000,0x0000000021a50000)]
  0x0000000021514800 JavaThread "Snooper Timer" daemon [_thread_blocked, id=6684, stack(0x0000000020850000,0x0000000020950000)]
  0x0000000019020000 JavaThread "AWT-Windows" daemon [_thread_in_native, id=7084, stack(0x000000001b600000,0x000000001b700000)]
  0x00000000197fd800 JavaThread "Java2D Disposer" daemon [_thread_blocked, id=7068, stack(0x000000001b400000,0x000000001b500000)]
  0x0000000017c54800 JavaThread "Service Thread" daemon [_thread_blocked, id=7128, stack(0x00000000186b0000,0x00000000187b0000)]
  0x0000000017bca000 JavaThread "C1 CompilerThread3" daemon [_thread_in_native, id=7104, stack(0x00000000185b0000,0x00000000186b0000)]
  0x0000000017bc8000 JavaThread "C2 CompilerThread2" daemon [_thread_blocked, id=6992, stack(0x00000000184b0000,0x00000000185b0000)]
  0x0000000017bc8800 JavaThread "C2 CompilerThread1" daemon [_thread_in_native, id=2112, stack(0x00000000183b0000,0x00000000184b0000)]
  0x0000000017bc4000 JavaThread "C2 CompilerThread0" daemon [_thread_blocked, id=6616, stack(0x00000000182b0000,0x00000000183b0000)]
  0x0000000017bc0000 JavaThread "Attach Listener" daemon [_thread_blocked, id=1316, stack(0x00000000181b0000,0x00000000182b0000)]
  0x0000000017bbd000 JavaThread "Signal Dispatcher" daemon [_thread_blocked, id=984, stack(0x00000000180b0000,0x00000000181b0000)]
  0x0000000017bba000 JavaThread "Surrogate Locker Thread (Concurrent GC)" daemon [_thread_blocked, id=5140, stack(0x0000000017fb0000,0x00000000180b0000)]
  0x000000001707a000 JavaThread "Finalizer" daemon [_thread_blocked, id=6548, stack(0x0000000017ab0000,0x0000000017bb0000)]
  0x0000000017071000 JavaThread "Reference Handler" daemon [_thread_blocked, id=6300, stack(0x00000000179b0000,0x0000000017ab0000)]
  0x0000000002b84800 JavaThread "Client thread" [_thread_in_Java, id=6880, stack(0x0000000002a80000,0x0000000002b80000)]

Other Threads:
  0x0000000017069800 VMThread [stack: 0x00000000178b0000,0x00000000179b0000] [id=6840]
  0x0000000017c66800 WatcherThread [stack: 0x00000000187b0000,0x00000000188b0000] [id=4968]

VM state:not at safepoint (normal execution)

VM Mutex/Monitor currently owned by a thread: None

Heap:
 par new generation   total 118016K, used 96519K [0x00000000c0000000, 0x00000000c8000000, 0x00000000c8000000)
  eden space 104960K,  91% used [0x00000000c0000000, 0x00000000c5dc1d60, 0x00000000c6680000)
  from space 13056K,   3% used [0x00000000c7340000, 0x00000000c73c01c8, 0x00000000c8000000)
  to   space 13056K,   0% used [0x00000000c6680000, 0x00000000c6680000, 0x00000000c7340000)
 concurrent mark-sweep generation total 446964K, used 330405K [0x00000000c8000000, 0x00000000e347d000, 0x0000000100000000)
 Metaspace       used 77427K, capacity 77953K, committed 78740K, reserved 1116160K
  class space    used 11561K, capacity 11712K, committed 11724K, reserved 1048576K

Card table byte_map: [0x0000000012840000,0x0000000012a50000] byte_map_base: 0x0000000012240000

Marking Bits: (CMSBitMap*) 0x0000000002c0e018
 Bits: [0x00000000134c0000, 0x00000000142c0000)

Mod Union Table: (CMSBitMap*) 0x0000000002c0e0d8
 Bits: [0x00000000142d0000, 0x0000000014308000)

Polling page: 0x0000000002a30000

CodeCache: size=245760Kb used=25083Kb max_used=25220Kb free=220676Kb
 bounds [0x0000000002c80000, 0x0000000004550000, 0x0000000011c80000]
 total_blobs=7264 nmethods=6255 adapters=919
 compilation: enabled

Compilation events (10 events):
Event: 40.012 Thread 0x0000000017bca000 nmethod 8997 0x0000000002f8d4d0 code [0x0000000002f8d720, 0x0000000002f8e6e8]
Event: 40.012 Thread 0x0000000017bca000 8999       3       net.minecraft.client.audio.SoundListSerializer::deserialize (8 bytes)
Event: 40.012 Thread 0x0000000017bca000 nmethod 8999 0x0000000002dbb9d0 code [0x0000000002dbbb40, 0x0000000002dbbcc8]
Event: 40.014 Thread 0x0000000017bc8000 nmethod 9002 0x0000000002de54d0 code [0x0000000002de5620, 0x0000000002de5938]
Event: 40.131 Thread 0x0000000017bca000 9003       3       org.apache.logging.log4j.core.Logger::isEnabled (13 bytes)
Event: 40.132 Thread 0x0000000017bca000 nmethod 9003 0x000000000323fcd0 code [0x000000000323fe40, 0x000000000323ffc8]
Event: 40.132 Thread 0x0000000017bca000 9004       3       org.apache.logging.log4j.core.Logger$PrivateConfig::filter (87 bytes)
Event: 40.133 Thread 0x0000000017bca000 nmethod 9004 0x0000000002fcfc10 code [0x0000000002fcfdc0, 0x0000000002fd0438]
Event: 40.144 Thread 0x0000000017bca000 9005       3       net.minecraft.client.audio.SoundEventAccessorComposite::<init> (45 bytes)
Event: 40.145 Thread 0x0000000017bca000 nmethod 9005 0x0000000003298e10 code [0x0000000003298fe0, 0x00000000032998a8]

GC Heap History (10 events):
Event: 39.345 GC heap before
{Heap before GC invocations=116 (full 18):
 par new generation   total 118016K, used 118016K [0x00000000c0000000, 0x00000000c8000000, 0x00000000c8000000)
  eden space 104960K, 100% used [0x00000000c0000000, 0x00000000c6680000, 0x00000000c6680000)
  from space 13056K, 100% used [0x00000000c6680000, 0x00000000c7340000, 0x00000000c7340000)
  to   space 13056K,   0% used [0x00000000c7340000, 0x00000000c7340000, 0x00000000c8000000)
 concurrent mark-sweep generation total 446964K, used 319549K [0x00000000c8000000, 0x00000000e347d000, 0x0000000100000000)
 Metaspace       used 77424K, capacity 77953K, committed 78740K, reserved 1116160K
  class space    used 11561K, capacity 11712K, committed 11724K, reserved 1048576K
Event: 39.356 GC heap after
Heap after GC invocations=117 (full 18):
 par new generation   total 118016K, used 6135K [0x00000000c0000000, 0x00000000c8000000, 0x00000000c8000000)
  eden space 104960K,   0% used [0x00000000c0000000, 0x00000000c0000000, 0x00000000c6680000)
  from space 13056K,  46% used [0x00000000c7340000, 0x00000000c793dcb8, 0x00000000c8000000)
  to   space 13056K,   0% used [0x00000000c6680000, 0x00000000c6680000, 0x00000000c7340000)
 concurrent mark-sweep generation total 446964K, used 326270K [0x00000000c8000000, 0x00000000e347d000, 0x0000000100000000)
 Metaspace       used 77424K, capacity 77953K, committed 78740K, reserved 1116160K
  class space    used 11561K, capacity 11712K, committed 11724K, reserved 1048576K
}
Event: 39.572 GC heap before
{Heap before GC invocations=117 (full 18):
 par new generation   total 118016K, used 111095K [0x00000000c0000000, 0x00000000c8000000, 0x00000000c8000000)
  eden space 104960K, 100% used [0x00000000c0000000, 0x00000000c6680000, 0x00000000c6680000)
  from space 13056K,  46% used [0x00000000c7340000, 0x00000000c793dcb8, 0x00000000c8000000)
  to   space 13056K,   0% used [0x00000000c6680000, 0x00000000c6680000, 0x00000000c7340000)
 concurrent mark-sweep generation total 446964K, used 326270K [0x00000000c8000000, 0x00000000e347d000, 0x0000000100000000)
 Metaspace       used 77425K, capacity 77953K, committed 78740K, reserved 1116160K
  class space    used 11561K, capacity 11712K, committed 11724K, reserved 1048576K
Event: 39.579 GC heap after
Heap after GC invocations=118 (full 18):
 par new generation   total 118016K, used 11024K [0x00000000c0000000, 0x00000000c8000000, 0x00000000c8000000)
  eden space 104960K,   0% used [0x00000000c0000000, 0x00000000c0000000, 0x00000000c6680000)
  from space 13056K,  84% used [0x00000000c6680000, 0x00000000c7144110, 0x00000000c7340000)
  to   space 13056K,   0% used [0x00000000c7340000, 0x00000000c7340000, 0x00000000c8000000)
 concurrent mark-sweep generation total 446964K, used 326270K [0x00000000c8000000, 0x00000000e347d000, 0x0000000100000000)
 Metaspace       used 77425K, capacity 77953K, committed 78740K, reserved 1116160K
  class space    used 11561K, capacity 11712K, committed 11724K, reserved 1048576K
}
Event: 39.746 GC heap before
{Heap before GC invocations=118 (full 18):
 par new generation   total 118016K, used 105537K [0x00000000c0000000, 0x00000000c8000000, 0x00000000c8000000)
  eden space 104960K,  90% used [0x00000000c0000000, 0x00000000c5c4c628, 0x00000000c6680000)
  from space 13056K,  84% used [0x00000000c6680000, 0x00000000c7144110, 0x00000000c7340000)
  to   space 13056K,   0% used [0x00000000c7340000, 0x00000000c7340000, 0x00000000c8000000)
 concurrent mark-sweep generation total 446964K, used 326270K [0x00000000c8000000, 0x00000000e347d000, 0x0000000100000000)
 Metaspace       used 77425K, capacity 77953K, committed 78740K, reserved 1116160K
  class space    used 11561K, capacity 11712K, committed 11724K, reserved 1048576K
Event: 39.754 GC heap after
Heap after GC invocations=119 (full 18):
 par new generation   total 118016K, used 6437K [0x00000000c0000000, 0x00000000c8000000, 0x00000000c8000000)
  eden space 104960K,   0% used [0x00000000c0000000, 0x00000000c0000000, 0x00000000c6680000)
  from space 13056K,  49% used [0x00000000c7340000, 0x00000000c7989630, 0x00000000c8000000)
  to   space 13056K,   0% used [0x00000000c6680000, 0x00000000c6680000, 0x00000000c7340000)
 concurrent mark-sweep generation total 446964K, used 330405K [0x00000000c8000000, 0x00000000e347d000, 0x0000000100000000)
 Metaspace       used 77425K, capacity 77953K, committed 78740K, reserved 1116160K
  class space    used 11561K, capacity 11712K, committed 11724K, reserved 1048576K
}
Event: 39.768 GC heap before
{Heap before GC invocations=119 (full 18):
 par new generation   total 118016K, used 106823K [0x00000000c0000000, 0x00000000c8000000, 0x00000000c8000000)
  eden space 104960K,  95% used [0x00000000c0000000, 0x00000000c6208620, 0x00000000c6680000)
  from space 13056K,  49% used [0x00000000c7340000, 0x00000000c7989630, 0x00000000c8000000)
  to   space 13056K,   0% used [0x00000000c6680000, 0x00000000c6680000, 0x00000000c7340000)
 concurrent mark-sweep generation total 446964K, used 330405K [0x00000000c8000000, 0x00000000e347d000, 0x0000000100000000)
 Metaspace       used 77425K, capacity 77953K, committed 78740K, reserved 1116160K
  class space    used 11561K, capacity 11712K, committed 11724K, reserved 1048576K
Event: 39.771 GC heap after
Heap after GC invocations=120 (full 18):
 par new generation   total 118016K, used 1703K [0x00000000c0000000, 0x00000000c8000000, 0x00000000c8000000)
  eden space 104960K,   0% used [0x00000000c0000000, 0x00000000c0000000, 0x00000000c6680000)
  from space 13056K,  13% used [0x00000000c6680000, 0x00000000c6829f38, 0x00000000c7340000)
  to   space 13056K,   0% used [0x00000000c7340000, 0x00000000c7340000, 0x00000000c8000000)
 concurrent mark-sweep generation total 446964K, used 330405K [0x00000000c8000000, 0x00000000e347d000, 0x0000000100000000)
 Metaspace       used 77425K, capacity 77953K, committed 78740K, reserved 1116160K
  class space    used 11561K, capacity 11712K, committed 11724K, reserved 1048576K
}
Event: 39.787 GC heap before
{Heap before GC invocations=120 (full 18):
 par new generation   total 118016K, used 102096K [0x00000000c0000000, 0x00000000c8000000, 0x00000000c8000000)
  eden space 104960K,  95% used [0x00000000c0000000, 0x00000000c620a150, 0x00000000c6680000)
  from space 13056K,  13% used [0x00000000c6680000, 0x00000000c6829f38, 0x00000000c7340000)
  to   space 13056K,   0% used [0x00000000c7340000, 0x00000000c7340000, 0x00000000c8000000)
 concurrent mark-sweep generation total 446964K, used 330405K [0x00000000c8000000, 0x00000000e347d000, 0x0000000100000000)
 Metaspace       used 77425K, capacity 77953K, committed 78740K, reserved 1116160K
  class space    used 11561K, capacity 11712K, committed 11724K, reserved 1048576K
Event: 39.789 GC heap after
Heap after GC invocations=121 (full 18):
 par new generation   total 118016K, used 512K [0x00000000c0000000, 0x00000000c8000000, 0x00000000c8000000)
  eden space 104960K,   0% used [0x00000000c0000000, 0x00000000c0000000, 0x00000000c6680000)
  from space 13056K,   3% used [0x00000000c7340000, 0x00000000c73c01c8, 0x00000000c8000000)
  to   space 13056K,   0% used [0x00000000c6680000, 0x00000000c6680000, 0x00000000c7340000)
 concurrent mark-sweep generation total 446964K, used 330405K [0x00000000c8000000, 0x00000000e347d000, 0x0000000100000000)
 Metaspace       used 77425K, capacity 77953K, committed 78740K, reserved 1116160K
  class space    used 11561K, capacity 11712K, committed 11724K, reserved 1048576K
}

Deoptimization events (10 events):
Event: 36.822 Thread 0x000000001ea4f800 Uncommon trap: reason=unstable_if action=reinterpret pc=0x0000000004451b2c method=java.util.concurrent.locks.AbstractQueuedSynchronizer.doReleaseShared()V @ 6
Event: 36.898 Thread 0x0000000002b84800 Uncommon trap: reason=unstable_if action=reinterpret pc=0x00000000033fa7f8 method=net.minecraft.client.resources.Locale.func_135024_b()V @ 30
Event: 37.496 Thread 0x0000000002b84800 Uncommon trap: reason=bimorphic action=maybe_recompile pc=0x00000000038b42ac method=net.minecraft.client.resources.FallbackResourceManager.func_110536_a(Lnet/minecraft/util/ResourceLocation;)Lnet/minecraft/client/resources/IResource; @ 48
Event: 37.499 Thread 0x0000000002b84800 Uncommon trap: reason=bimorphic action=maybe_recompile pc=0x00000000038b42ac method=net.minecraft.client.resources.FallbackResourceManager.func_110536_a(Lnet/minecraft/util/ResourceLocation;)Lnet/minecraft/client/resources/IResource; @ 48
Event: 37.522 Thread 0x0000000002b84800 Uncommon trap: reason=bimorphic action=maybe_recompile pc=0x00000000038b42ac method=net.minecraft.client.resources.FallbackResourceManager.func_110536_a(Lnet/minecraft/util/ResourceLocation;)Lnet/minecraft/client/resources/IResource; @ 48
Event: 37.559 Thread 0x0000000002b84800 Uncommon trap: reason=bimorphic action=maybe_recompile pc=0x00000000038b42ac method=net.minecraft.client.resources.FallbackResourceManager.func_110536_a(Lnet/minecraft/util/ResourceLocation;)Lnet/minecraft/client/resources/IResource; @ 48
Event: 39.208 Thread 0x0000000002b84800 Uncommon trap: reason=unstable_if action=reinterpret pc=0x000000000435bbf4 method=java.util.regex.Pattern$Curly.study(Ljava/util/regex/Pattern$TreeInfo;)Z @ 96
Event: 40.005 Thread 0x0000000002b84800 Uncommon trap: reason=bimorphic action=maybe_recompile pc=0x0000000003b33324 method=java.util.HashMap.removeNode(ILjava/lang/Object;Ljava/lang/Object;ZZ)Ljava/util/HashMap$Node; @ 68
Event: 40.006 Thread 0x0000000002b84800 Uncommon trap: reason=bimorphic action=maybe_recompile pc=0x0000000003b33324 method=java.util.HashMap.removeNode(ILjava/lang/Object;Ljava/lang/Object;ZZ)Ljava/util/HashMap$Node; @ 68
Event: 40.009 Thread 0x0000000002b84800 Uncommon trap: reason=null_check action=make_not_entrant pc=0x00000000030c55b4 method=com.google.gson.JsonPrimitive.isPrimitiveOrString(Ljava/lang/Object;)Z @ 39

Internal exceptions (10 events):
Event: 40.207 Thread 0x000000001996c000 Exception <a 'java/lang/InterruptedException': sleep interrupted> (0x00000000c52907b0) thrown at [C:\re\workspace\8-2-build-windows-amd64-cygwin\jdk8u51\3951\hotspot\src\share\vm\prims\jvm.cpp, line 3211]
Event: 40.207 Thread 0x000000001996c000 Exception <a 'java/security/PrivilegedActionException'> (0x00000000c5295dd8) thrown at [C:\re\workspace\8-2-build-windows-amd64-cygwin\jdk8u51\3951\hotspot\src\share\vm\prims\jvm.cpp, line 1382]
Event: 40.207 Thread 0x000000001996c000 Exception <a 'java/security/PrivilegedActionException'> (0x00000000c5297120) thrown at [C:\re\workspace\8-2-build-windows-amd64-cygwin\jdk8u51\3951\hotspot\src\share\vm\prims\jvm.cpp, line 1382]
Event: 40.208 Thread 0x000000001996c000 Exception <a 'java/security/PrivilegedActionException'> (0x00000000c52985c8) thrown at [C:\re\workspace\8-2-build-windows-amd64-cygwin\jdk8u51\3951\hotspot\src\share\vm\prims\jvm.cpp, line 1382]
Event: 40.208 Thread 0x000000001996c000 Exception <a 'java/security/PrivilegedActionException'> (0x00000000c5299c70) thrown at [C:\re\workspace\8-2-build-windows-amd64-cygwin\jdk8u51\3951\hotspot\src\share\vm\prims\jvm.cpp, line 1382]
Event: 40.208 Thread 0x000000001996c000 Exception <a 'java/security/PrivilegedActionException'> (0x00000000c529afb8) thrown at [C:\re\workspace\8-2-build-windows-amd64-cygwin\jdk8u51\3951\hotspot\src\share\vm\prims\jvm.cpp, line 1382]
Event: 40.208 Thread 0x000000001996c000 Exception <a 'java/security/PrivilegedActionException'> (0x00000000c529c460) thrown at [C:\re\workspace\8-2-build-windows-amd64-cygwin\jdk8u51\3951\hotspot\src\share\vm\prims\jvm.cpp, line 1382]
Event: 40.208 Thread 0x000000001996c000 Exception <a 'java/security/PrivilegedActionException'> (0x00000000c529e300) thrown at [C:\re\workspace\8-2-build-windows-amd64-cygwin\jdk8u51\3951\hotspot\src\share\vm\prims\jvm.cpp, line 1382]
Event: 40.208 Thread 0x000000001996c000 Exception <a 'java/security/PrivilegedActionException'> (0x00000000c529f648) thrown at [C:\re\workspace\8-2-build-windows-amd64-cygwin\jdk8u51\3951\hotspot\src\share\vm\prims\jvm.cpp, line 1382]
Event: 40.208 Thread 0x000000001996c000 Exception <a 'java/security/PrivilegedActionException'> (0x00000000c52a0af0) thrown at [C:\re\workspace\8-2-build-windows-amd64-cygwin\jdk8u51\3951\hotspot\src\share\vm\prims\jvm.cpp, line 1382]

Events (10 events):
Event: 40.133 Thread 0x0000000017bca000 flushing nmethod 0x000000000398de50
Event: 40.133 Thread 0x0000000017bca000 flushing nmethod 0x000000000398ea90
Event: 40.133 Thread 0x0000000017bca000 flushing nmethod 0x0000000003992250
Event: 40.134 Thread 0x0000000017bca000 flushing nmethod 0x0000000003b86050
Event: 40.145 Thread 0x0000000017bca000 flushing nmethod 0x0000000003ba3110
Event: 40.145 Thread 0x0000000017bca000 flushing nmethod 0x0000000003cecf90
Event: 40.145 Thread 0x0000000017bca000 flushing nmethod 0x0000000003d2b690
Event: 40.207 Executing VM operation: RevokeBias
Event: 40.207 Executing VM operation: RevokeBias done
Event: 40.207 Thread 0x0000000017bc7000 Thread added: 0x0000000017bc7000


Dynamic libraries:
0x00007ff74cca0000 - 0x00007ff74ccd7000 	C:\Program Files\Java\jre1.8.0_51\bin\javaw.exe
0x00007ffe86600000 - 0x00007ffe867aa000 	C:\WINDOWS\SYSTEM32\ntdll.dll
0x00007ffe85c60000 - 0x00007ffe85d9a000 	C:\WINDOWS\system32\KERNEL32.DLL
0x00007ffe83c20000 - 0x00007ffe83d30000 	C:\WINDOWS\system32\KERNELBASE.dll
0x00007ffe825a0000 - 0x00007ffe82628000 	C:\WINDOWS\system32\apphelp.dll
0x00007ffe732f0000 - 0x00007ffe7333f000 	C:\WINDOWS\AppPatch\AppPatch64\AcGenral.DLL
0x00007ffe85ef0000 - 0x00007ffe85f97000 	C:\WINDOWS\system32\msvcrt.dll
0x00007ffe837b0000 - 0x00007ffe837db000 	C:\WINDOWS\SYSTEM32\SspiCli.dll
0x00007ffe85fa0000 - 0x00007ffe85ff1000 	C:\WINDOWS\system32\SHLWAPI.dll
0x00007ffe86420000 - 0x00007ffe86591000 	C:\WINDOWS\system32\USER32.dll
0x00007ffe86000000 - 0x00007ffe86178000 	C:\WINDOWS\system32\ole32.dll
0x00007ffe83f20000 - 0x00007ffe85337000 	C:\WINDOWS\system32\SHELL32.dll
0x00007ffe83360000 - 0x00007ffe8337f000 	C:\WINDOWS\SYSTEM32\USERENV.dll
0x00007ffe858e0000 - 0x00007ffe85985000 	C:\WINDOWS\system32\ADVAPI32.dll
0x00007ffe7bd90000 - 0x00007ffe7bdab000 	C:\WINDOWS\SYSTEM32\MPR.dll
0x00007ffe85b10000 - 0x00007ffe85c46000 	C:\WINDOWS\system32\RPCRT4.dll
0x00007ffe861e0000 - 0x00007ffe86237000 	C:\WINDOWS\SYSTEM32\sechost.dll
0x00007ffe856a0000 - 0x00007ffe85876000 	C:\WINDOWS\SYSTEM32\combase.dll
0x00007ffe85da0000 - 0x00007ffe85ee5000 	C:\WINDOWS\system32\GDI32.dll
0x00007ffe83970000 - 0x00007ffe83984000 	C:\WINDOWS\SYSTEM32\profapi.dll
0x00007ffe81fb0000 - 0x00007ffe8204f000 	C:\WINDOWS\SYSTEM32\SHCORE.dll
0x00007ffe85640000 - 0x00007ffe85674000 	C:\WINDOWS\system32\IMM32.DLL
0x00007ffe85500000 - 0x00007ffe85639000 	C:\WINDOWS\system32\MSCTF.dll
0x00007ffe81740000 - 0x00007ffe8199a000 	C:\WINDOWS\WinSxS\amd64_microsoft.windows.common-controls_6595b64144ccf1df_6.0.9600.17031_none_6242a4b3ecbb55a1\COMCTL32.dll
0x00000000592c0000 - 0x0000000059392000 	C:\Program Files\Java\jre1.8.0_51\bin\msvcr100.dll
0x0000000058a30000 - 0x00000000592b3000 	C:\Program Files\Java\jre1.8.0_51\bin\server\jvm.dll
0x00007ffe7d840000 - 0x00007ffe7d849000 	C:\WINDOWS\SYSTEM32\WSOCK32.dll
0x00007ffe80170000 - 0x00007ffe8018f000 	C:\WINDOWS\SYSTEM32\WINMM.dll
0x00007ffe80670000 - 0x00007ffe8067a000 	C:\WINDOWS\SYSTEM32\VERSION.dll
0x00007ffe85340000 - 0x00007ffe85347000 	C:\WINDOWS\system32\PSAPI.DLL
0x00007ffe865a0000 - 0x00007ffe865f8000 	C:\WINDOWS\system32\WS2_32.dll
0x00007ffe800c0000 - 0x00007ffe800ea000 	C:\WINDOWS\SYSTEM32\WINMMBASE.dll
0x00007ffe85a40000 - 0x00007ffe85a49000 	C:\WINDOWS\system32\NSI.dll
0x00007ffe83d30000 - 0x00007ffe83d7a000 	C:\WINDOWS\SYSTEM32\cfgmgr32.dll
0x00007ffe82820000 - 0x00007ffe82846000 	C:\WINDOWS\SYSTEM32\DEVOBJ.dll
0x00000000589e0000 - 0x00000000589ef000 	C:\Program Files\Java\jre1.8.0_51\bin\verify.dll
0x00000000589b0000 - 0x00000000589d9000 	C:\Program Files\Java\jre1.8.0_51\bin\java.dll
0x0000000058990000 - 0x00000000589a6000 	C:\Program Files\Java\jre1.8.0_51\bin\zip.dll
0x000000005ab40000 - 0x000000005ab4d000 	C:\Program Files\Java\jre1.8.0_51\bin\management.dll
0x00000000587a0000 - 0x00000000587ba000 	C:\Program Files\Java\jre1.8.0_51\bin\net.dll
0x00007ffe83300000 - 0x00007ffe83358000 	C:\WINDOWS\system32\mswsock.dll
0x0000000058780000 - 0x0000000058791000 	C:\Program Files\Java\jre1.8.0_51\bin\nio.dll
0x00007ffe7de40000 - 0x00007ffe7de54000 	C:\WINDOWS\system32\napinsp.dll
0x00007ffe7b9d0000 - 0x00007ffe7b9e9000 	C:\WINDOWS\system32\pnrpnsp.dll
0x00007ffe7eda0000 - 0x00007ffe7edb9000 	C:\WINDOWS\system32\NLAapi.dll
0x00007ffe830b0000 - 0x00007ffe83153000 	C:\WINDOWS\SYSTEM32\DNSAPI.dll
0x00007ffe7dfb0000 - 0x00007ffe7dfbc000 	C:\WINDOWS\System32\winrnr.dll
0x000000005b010000 - 0x000000005b036000 	C:\Program Files\Bonjour\mdnsNSP.dll
0x00007ffe7ddc0000 - 0x00007ffe7dde9000 	C:\WINDOWS\SYSTEM32\Iphlpapi.DLL
0x00007ffe7dda0000 - 0x00007ffe7ddaa000 	C:\WINDOWS\SYSTEM32\WINNSI.DLL
0x00007ffe7a4b0000 - 0x00007ffe7a4b9000 	C:\Windows\System32\rasadhlp.dll
0x00007ffe7d960000 - 0x00007ffe7d9c7000 	C:\WINDOWS\System32\fwpuclnt.dll
0x00000000587f0000 - 0x0000000058988000 	C:\Program Files\Java\jre1.8.0_51\bin\awt.dll
0x00007ffe85a50000 - 0x00007ffe85b07000 	C:\WINDOWS\system32\OLEAUT32.dll
0x00007ffe82670000 - 0x00007ffe82791000 	C:\WINDOWS\system32\uxtheme.dll
0x00007ffe81de0000 - 0x00007ffe81e00000 	C:\WINDOWS\system32\dwmapi.dll
0x00007ffe827f0000 - 0x00007ffe827fa000 	C:\WINDOWS\SYSTEM32\kernel.appcore.dll
0x00007ffe83840000 - 0x00007ffe8384a000 	C:\WINDOWS\SYSTEM32\CRYPTBASE.dll
0x00007ffe837e0000 - 0x00007ffe83840000 	C:\WINDOWS\SYSTEM32\bcryptPrimitives.dll
0x0000000058730000 - 0x0000000058777000 	C:\Program Files\Java\jre1.8.0_51\bin\fontmanager.dll
0x00007ffe7ad10000 - 0x00007ffe7af1a000 	C:\WINDOWS\system32\d3d9.dll
0x00007ffe67190000 - 0x00007ffe680aa000 	C:\WINDOWS\SYSTEM32\nvd3dumx.dll
0x0000000180000000 - 0x0000000180188000 	C:\WINDOWS\system32\nvspcap64.dll
0x00007ffe86240000 - 0x00007ffe86414000 	C:\WINDOWS\system32\SETUPAPI.dll
0x00007ffe83870000 - 0x00007ffe838b5000 	C:\WINDOWS\system32\powrprof.dll
0x00007ffe7f390000 - 0x00007ffe7f4f0000 	C:\Program Files (x86)\NVIDIA Corporation\3D Vision\nvSCPAPI64.dll
0x00000000586e0000 - 0x0000000058722000 	C:\Program Files\Java\jre1.8.0_51\bin\t2k.dll
0x000000005ab20000 - 0x000000005ab37000 	C:\Program Files\Java\jre1.8.0_51\bin\unpack.dll
0x000000001b500000 - 0x000000001b551000 	C:\Users\Arien\AppData\Roaming\.minecraft\versions\1.7.10-Forge10.13.4.1448-1.7.10\1.7.10-Forge10.13.4.1448-1.7.10-natives-67340539953445\lwjgl64.dll
0x00007ffe721f0000 - 0x00007ffe72311000 	C:\WINDOWS\SYSTEM32\OPENGL32.dll
0x00007ffe7bc30000 - 0x00007ffe7bc5c000 	C:\WINDOWS\SYSTEM32\GLU32.dll
0x00007ffe6f2d0000 - 0x00007ffe6f3c4000 	C:\WINDOWS\SYSTEM32\DDRAW.dll
0x00007ffe7f030000 - 0x00007ffe7f039000 	C:\WINDOWS\SYSTEM32\DCIMAN32.dll
0x00007ffe83380000 - 0x00007ffe8339e000 	C:\WINDOWS\SYSTEM32\CRYPTSP.dll
0x00007ffe82f00000 - 0x00007ffe82f35000 	C:\WINDOWS\system32\rsaenh.dll
0x00007ffe834c0000 - 0x00007ffe834e6000 	C:\WINDOWS\SYSTEM32\bcrypt.dll
0x00007ffe7d890000 - 0x00007ffe7d8a4000 	C:\WINDOWS\SYSTEM32\dhcpcsvc6.DLL
0x00007ffe7da80000 - 0x00007ffe7da99000 	C:\WINDOWS\SYSTEM32\dhcpcsvc.DLL
0x0000000055520000 - 0x0000000057260000 	C:\WINDOWS\SYSTEM32\nvoglv64.DLL
0x00007ffe82580000 - 0x00007ffe82591000 	C:\WINDOWS\SYSTEM32\WTSAPI32.dll
0x00007ffe83e30000 - 0x00007ffe83e7c000 	C:\WINDOWS\system32\WINTRUST.dll
0x00007ffe83a40000 - 0x00007ffe83c17000 	C:\WINDOWS\system32\CRYPT32.dll
0x00007ffe83a20000 - 0x00007ffe83a32000 	C:\WINDOWS\system32\MSASN1.dll
0x00007ffe7c800000 - 0x00007ffe7c830000 	C:\WINDOWS\SYSTEM32\ntmarta.dll
0x00007ffe82e00000 - 0x00007ffe82e57000 	C:\WINDOWS\SYSTEM32\WINSTA.dll
0x00007ffe81c40000 - 0x00007ffe81ccd000 	C:\WINDOWS\SYSTEM32\mscms.dll
0x00007ffe73340000 - 0x00007ffe73381000 	C:\WINDOWS\SYSTEM32\icm32.dll
0x0000000070a40000 - 0x0000000070adc000 	C:\Users\Arien\AppData\Roaming\.minecraft\versions\1.7.10-Forge10.13.4.1448-1.7.10\1.7.10-Forge10.13.4.1448-1.7.10-natives-67340539953445\avutil-ttv-51.dll
0x0000000065980000 - 0x00000000659d6000 	C:\Users\Arien\AppData\Roaming\.minecraft\versions\1.7.10-Forge10.13.4.1448-1.7.10\1.7.10-Forge10.13.4.1448-1.7.10-natives-67340539953445\swresample-ttv-0.dll
0x000000006eb80000 - 0x000000006ec50000 	C:\Users\Arien\AppData\Roaming\.minecraft\versions\1.7.10-Forge10.13.4.1448-1.7.10\1.7.10-Forge10.13.4.1448-1.7.10-natives-67340539953445\libmp3lame-ttv.dll
0x00007ffe65de0000 - 0x00007ffe67184000 	C:\Users\Arien\AppData\Roaming\.minecraft\versions\1.7.10-Forge10.13.4.1448-1.7.10\1.7.10-Forge10.13.4.1448-1.7.10-natives-67340539953445\libmfxsw64.dll
0x00007ffe71960000 - 0x00007ffe71a8b000 	C:\Users\Arien\AppData\Roaming\.minecraft\versions\1.7.10-Forge10.13.4.1448-1.7.10\1.7.10-Forge10.13.4.1448-1.7.10-natives-67340539953445\twitchsdk.dll
0x00007ffe7c330000 - 0x00007ffe7c560000 	C:\WINDOWS\SYSTEM32\WININET.dll
0x00007ffe7c080000 - 0x00007ffe7c329000 	C:\WINDOWS\SYSTEM32\iertutil.dll
0x00000000587c0000 - 0x00000000587e4000 	C:\Program Files\Java\jre1.8.0_51\bin\sunec.dll
0x000000001d830000 - 0x000000001d894000 	C:\Users\Arien\AppData\Roaming\.minecraft\versions\1.7.10-Forge10.13.4.1448-1.7.10\1.7.10-Forge10.13.4.1448-1.7.10-natives-67340539953445\OpenAL64.dll
0x00007ffe85990000 - 0x00007ffe85a34000 	C:\WINDOWS\SYSTEM32\clbcatq.dll
0x00007ffe800f0000 - 0x00007ffe80152000 	C:\WINDOWS\System32\MMDevApi.dll
0x00007ffe73230000 - 0x00007ffe732b7000 	C:\WINDOWS\SYSTEM32\dsound.dll
0x00007ffe780e0000 - 0x00007ffe78156000 	C:\WINDOWS\SYSTEM32\AUDIOSES.DLL
0x00007ffe7a9b0000 - 0x00007ffe7ab38000 	C:\WINDOWS\SYSTEM32\dbghelp.dll

VM Arguments:
jvm_args: -XX:HeapDumpPath=MojangTricksIntelDriversForPerformance_javaw.exe_minecraft.exe.heapdump -Xmx1G -XX:+UseConcMarkSweepGC -XX:+CMSIncrementalMode -XX:-UseAdaptiveSizePolicy -Xmn128M -Djava.library.path=C:\Users\Arien\AppData\Roaming\.minecraft\versions\1.7.10-Forge10.13.4.1448-1.7.10\1.7.10-Forge10.13.4.1448-1.7.10-natives-67340539953445 
java_command: net.minecraft.launchwrapper.Launch --username Arien --version 1.7.10-Forge10.13.4.1448-1.7.10 --gameDir C:\Users\Arien\AppData\Roaming\.minecraft --assetsDir C:\Users\Arien\AppData\Roaming\.minecraft\assets --assetIndex 1.7.10 --uuid e5aaaa566e69372aa188a7421015ea98 --accessToken 1337535510N --userProperties {} --userType legacy --tweakClass cpw.mods.fml.common.launcher.FMLTweaker
java_class_path (initial): C:\Users\Arien\AppData\Roaming\.minecraft\libraries\net\minecraftforge\forge\1.7.10-10.13.4.1448-1.7.10\forge-1.7.10-10.13.4.1448-1.7.10.jar;C:\Users\Arien\AppData\Roaming\.minecraft\libraries\net\minecraft\launchwrapper\1.11\launchwrapper-1.11.jar;C:\Users\Arien\AppData\Roaming\.minecraft\libraries\org\ow2\asm\asm-all\5.0.3\asm-all-5.0.3.jar;C:\Users\Arien\AppData\Roaming\.minecraft\libraries\com\typesafe\akka\akka-actor_2.11\2.3.3\akka-actor_2.11-2.3.3.jar;C:\Users\Arien\AppData\Roaming\.minecraft\libraries\com\typesafe\config\1.2.1\config-1.2.1.jar;C:\Users\Arien\AppData\Roaming\.minecraft\libraries\org\scala-lang\scala-actors-migration_2.11\1.1.0\scala-actors-migration_2.11-1.1.0.jar;C:\Users\Arien\AppData\Roaming\.minecraft\libraries\org\scala-lang\scala-compiler\2.11.1\scala-compiler-2.11.1.jar;C:\Users\Arien\AppData\Roaming\.minecraft\libraries\org\scala-lang\plugins\scala-continuations-library_2.11\1.0.2\scala-continuations-library_2.11-1.0.2.jar;C:\Users\Arien\AppData\Roaming\.minecraft\libraries\org\scala-lang\plugins\scala-continuations-plugin_2.11.1\1.0.2\scala-continuations-plugin_2.11.1-1.0.2.jar;C:\Users\Arien\AppData\Roaming\.minecraft\libraries\org\scala-lang\scala-library\2.11.1\scala-library-2.11.1.jar;C:\Users\Arien\AppData\Roaming\.minecraft\libraries\org\scala-lang\scala-parser-combinators_2.11\1.0.1\scala-parser-combinators_2.11-1.0.1.jar;C:\Users\Arien\AppData\Roaming\.minecraft\libraries\org\scala-lang\scala-reflect\2.11.1\scala-reflect-2.11.1.jar;C:\Users\Arien\AppData\Roaming\.minecraft\libraries\org\scala-lang\scala-swing_2.11\1.0.1\scala-swing_2.11-1.0.1.jar;C:\Users\Arien\AppData\Roaming\.minecraft\libraries\org\scala-lang\scala-xml_2.11\1.0.2\scala-xml_2.11-1.0.2.jar;C:\Users\Arien\AppData\Roaming\.minecraft\libraries\lzma\lzma\0.0.1\lzma-0.0.1.jar;C:\Users\Arien\AppData\Roaming\.minecraft\libraries\net\sf\jopt-simple\jopt-simple\4.5\jopt-simple-4.5.jar;C:\Users\Arien\AppData\Roaming\.minecraft\libraries\co
Launcher Type: SUN_STANDARD

Environment Variables:
CLASSPATH=.;C:\Program Files (x86)\Java\jre1.8.0_31\lib\ext\QTJava.zip
PATH=C:\ProgramData\Oracle\Java\javapath;C:\Program Files (x86)\Intel\iCLS Client\;C:\Program Files\Intel\iCLS Client\;C:\WINDOWS\system32;C:\WINDOWS;C:\WINDOWS\System32\Wbem;C:\WINDOWS\System32\WindowsPowerShell\v1.0\;C:\Program Files\Intel\Intel(R) Management Engine Components\DAL;C:\Program Files (x86)\Intel\Intel(R) Management Engine Components\DAL;C:\Program Files\Intel\Intel(R) Management Engine Components\IPT;C:\Program Files (x86)\Intel\Intel(R) Management Engine Components\IPT;C:\Program Files\Common Files\Autodesk Shared\;C:\Program Files (x86)\Autodesk\Backburner\;C:\Program Files (x86)\Skype\Phone\;C:\Program Files (x86)\QuickTime\QTSystem\;C:\Program Files (x86)\NVIDIA Corporation\PhysX\Common;C:\Program Files\Java\jre1.8.0_51\bin
USERNAME=Arien
OS=Windows_NT
PROCESSOR_IDENTIFIER=Intel64 Family 6 Model 60 Stepping 3, GenuineIntel



---------------  S Y S T E M  ---------------

OS: Windows 8.1 , 64 bit Build 9600 (6.3.9600.17031)

CPU:total 8 (4 cores per cpu, 2 threads per core) family 6 model 60 stepping 3, cmov, cx8, fxsr, mmx, sse, sse2, sse3, ssse3, sse4.1, sse4.2, popcnt, avx, avx2, aes, clmul, erms, rtm, lzcnt, ht, tsc, tscinvbit, bmi1, bmi2

Memory: 4k page, physical 8331408k(4329888k free), swap 9642128k(4598948k free)

vm_info: Java HotSpot(TM) 64-Bit Server VM (25.51-b03) for windows-amd64 JRE (1.8.0_51-b16), built on Jun  8 2015 18:03:07 by "java_re" with MS VC++ 10.0 (VS2010)

time: Tue Jul 21 13:04:19 2015
elapsed time: 40 seconds (0d 0h 0m 40s)

